<?xml version="1.0" encoding="UTF-8"?>
<testsuite name="test.MainTest" time="1.893" tests="27" errors="0" skipped="0" failures="0">
  <properties>
[...]
</properties>
  <testcase name="T10emailRequiredChange" classname="test.MainTest" time="0.221"/>
  <testcase name="T12newEmailRequiredChange" classname="test.MainTest" time="0.095"/>
  <testcase name="T13invalidEmailChange" classname="test.MainTest" time="0.066"/>
  <testcase name="T14newInvalidEmailChange" classname="test.MainTest" time="0.056"/>
  <testcase name="T15emailChangeUserNotFound" classname="test.MainTest" time="0.406"/>
  <testcase name="T16sameEmailErrorChange" classname="test.MainTest" time="0.084"/>
  <testcase name="T17emailRequiredPasswordChange" classname="test.MainTest" time="0.051"/>
  <testcase name="T18inValidRequiredPasswordChange" classname="test.MainTest" time="0.077"/>
  <testcase name="T19passwordRequiredPasswordChange" classname="test.MainTest" time="0.047"/>
  <testcase name="T1domainModelEqualsTest" classname="test.MainTest" time="0"/>
  <testcase name="T20newPasswordRequiredPasswordChange" classname="test.MainTest" time="0.032"/>
  <testcase name="T21samePasswordChange" classname="test.MainTest" time="0.038"/>
  <testcase name="T22notFoundParticipantPasswordChange" classname="test.MainTest" time="0.056"/>
  <testcase name="T23notSamePasswordChange" classname="test.MainTest" time="0.065"/>
  <testcase name="T24testHtmlController" classname="test.MainTest" time="0.028"/>
  <testcase name="T2domainModelToString" classname="test.MainTest" time="0.025"/>
  <testcase name="T3domainModelHashCodeTest" classname="test.MainTest" time="0"/>
  <testcase name="T4participantExistAndCorrectPasssword" classname="test.MainTest" time="0.059"/>
  <testcase name="T5participantDoNotExist" classname="test.MainTest" time="0.03"/>
  <testcase name="T6incorrectPassword" classname="test.MainTest" time="0.077"/>
  <testcase name="T7emptyEmail" classname="test.MainTest" time="0.044"/>
  <testcase name="T8invalidEmail" classname="test.MainTest" time="0.072"/>
  <testcase name="T9emptyPassword" classname="test.MainTest" time="0.04"/>
  <testcase name="correctPasswordChange" classname="test.MainTest" time="0.062"/>
  <testcase name="correctPasswordChangeXML" classname="test.MainTest" time="0.085"/>
  <testcase name="emailChangeCorrect" classname="test.MainTest" time="0.057"/>
  <testcase name="emailChangeCorrectXML" classname="test.MainTest" time="0.02"/>
</testsuite>